# JRE version: Java(TM) SE Runtime Environment (8.0_40-b26) (build 1.8.0_40-b26)
# Java VM: Java HotSpot(TM) Client VM (25.40-b25 mixed mode windows-x86 )
Heap:
 def new generation   total 4992K, used 2264K [0x04a00000, 0x04f60000, 0x09f50000)
  eden space 4480K,  39% used [0x04a00000, 0x04bb6118, 0x04e60000)
  from space 512K, 100% used [0x04ee0000, 0x04f60000, 0x04f60000)
  to   space 512K,   0% used [0x04e60000, 0x04e60000, 0x04ee0000)
 tenured generation   total 10944K, used 10785K [0x09f50000, 0x0aa00000, 0x14a00000)
   the space 10944K,  98% used [0x09f50000, 0x0a9d8578, 0x0a9d8600, 0x0aa00000)
 Metaspace       used 15443K, capacity 16333K, committed 16384K, reserved 16768K
GC Heap History (10 events):
Event: 2.182 GC heap before
{Heap before GC invocations=8 (full 1):
 def new generation   total 4992K, used 4972K [0x04a00000, 0x04f60000, 0x09f50000)
  eden space 4480K, 100% used [0x04a00000, 0x04e60000, 0x04e60000)
  from space 512K,  96% used [0x04e60000, 0x04edb0e0, 0x04ee0000)
  to   space 512K,   0% used [0x04ee0000, 0x04ee0000, 0x04f60000)
 tenured generation   total 10944K, used 4842K [0x09f50000, 0x0aa00000, 0x14a00000)
   the space 10944K,  44% used [0x09f50000, 0x0a40a848, 0x0a40aa00, 0x0aa00000)
 Metaspace       used 14193K, capacity 14888K, committed 14976K, reserved 15744K
Event: 2.186 GC heap after
Heap after GC invocations=9 (full 1):
 def new generation   total 4992K, used 512K [0x04a00000, 0x04f60000, 0x09f50000)
  eden space 4480K,   0% used [0x04a00000, 0x04a00000, 0x04e60000)
  from space 512K, 100% used [0x04ee0000, 0x04f60000, 0x04f60000)
  to   space 512K,   0% used [0x04e60000, 0x04e60000, 0x04ee0000)
 tenured generation   total 10944K, used 5299K [0x09f50000, 0x0aa00000, 0x14a00000)
   the space 10944K,  48% used [0x09f50000, 0x0a47cfd0, 0x0a47d000, 0x0aa00000)
 Metaspace       used 14193K, capacity 14888K, committed 14976K, reserved 15744K
}
Event: 2.463 GC heap before
{Heap before GC invocations=9 (full 1):
 def new generation   total 4992K, used 4992K [0x04a00000, 0x04f60000, 0x09f50000)
  eden space 4480K, 100% used [0x04a00000, 0x04e60000, 0x04e60000)
  from space 512K, 100% used [0x04ee0000, 0x04f60000, 0x04f60000)
  to   space 512K,   0% used [0x04e60000, 0x04e60000, 0x04ee0000)
 tenured generation   total 10944K, used 5299K [0x09f50000, 0x0aa00000, 0x14a00000)
   the space 10944K,  48% used [0x09f50000, 0x0a47cfd0, 0x0a47d000, 0x0aa00000)
 Metaspace       used 14474K, capacity 15237K, committed 15360K, reserved 15744K
Event: 2.469 GC heap after
Heap after GC invocations=10 (full 1):
 def new generation   total 4992K, used 512K [0x04a00000, 0x04f60000, 0x09f50000)
  eden space 4480K,   0% used [0x04a00000, 0x04a00000, 0x04e60000)
  from space 512K, 100% used [0x04e60000, 0x04ee0000, 0x04ee0000)
  to   space 512K,   0% used [0x04ee0000, 0x04ee0000, 0x04f60000)
 tenured generation   total 10944K, used 6431K [0x09f50000, 0x0aa00000, 0x14a00000)
   the space 10944K,  58% used [0x09f50000, 0x0a597ed0, 0x0a598000, 0x0aa00000)
 Metaspace       used 14474K, capacity 15237K, committed 15360K, reserved 15744K
}
Event: 2.670 GC heap before
{Heap before GC invocations=10 (full 1):
 def new generation   total 4992K, used 4353K [0x04a00000, 0x04f60000, 0x09f50000)
  eden space 4480K,  85% used [0x04a00000, 0x04dc07d8, 0x04e60000)
  from space 512K, 100% used [0x04e60000, 0x04ee0000, 0x04ee0000)
  to   space 512K,   0% used [0x04ee0000, 0x04ee0000, 0x04f60000)
 tenured generation   total 10944K, used 6431K [0x09f50000, 0x0aa00000, 0x14a00000)
   the space 10944K,  58% used [0x09f50000, 0x0a597ed0, 0x0a598000, 0x0aa00000)
 Metaspace       used 14895K, capacity 15708K, committed 15744K, reserved 15744K
Event: 2.676 GC heap after
Heap after GC invocations=11 (full 1):
 def new generation   total 4992K, used 512K [0x04a00000, 0x04f60000, 0x09f50000)
  eden space 4480K,   0% used [0x04a00000, 0x04a00000, 0x04e60000)
  from space 512K, 100% used [0x04ee0000, 0x04f60000, 0x04f60000)
  to   space 512K,   0% used [0x04e60000, 0x04e60000, 0x04ee0000)
 tenured generation   total 10944K, used 7339K [0x09f50000, 0x0aa00000, 0x14a00000)
   the space 10944K,  67% used [0x09f50000, 0x0a67aca0, 0x0a67ae00, 0x0aa00000)
 Metaspace       used 14895K, capacity 15708K, committed 15744K, reserved 15744K
}
Event: 5.306 GC heap before
{Heap before GC invocations=11 (full 1):
 def new generation   total 4992K, used 4992K [0x04a00000, 0x04f60000, 0x09f50000)
  eden space 4480K, 100% used [0x04a00000, 0x04e60000, 0x04e60000)
  from space 512K, 100% used [0x04ee0000, 0x04f60000, 0x04f60000)
  to   space 512K,   0% used [0x04e60000, 0x04e60000, 0x04ee0000)
 tenured generation   total 10944K, used 7339K [0x09f50000, 0x0aa00000, 0x14a00000)
   the space 10944K,  67% used [0x09f50000, 0x0a67aca0, 0x0a67ae00, 0x0aa00000)
 Metaspace       used 15136K, capacity 16002K, committed 16128K, reserved 16768K
Event: 5.312 GC heap after
Heap after GC invocations=12 (full 1):
 def new generation   total 4992K, used 299K [0x04a00000, 0x04f60000, 0x09f50000)
  eden space 4480K,   0% used [0x04a00000, 0x04a00000, 0x04e60000)
  from space 512K,  58% used [0x04e60000, 0x04eaafa0, 0x04ee0000)
  to   space 512K,   0% used [0x04ee0000, 0x04ee0000, 0x04f60000)
 tenured generation   total 10944K, used 9894K [0x09f50000, 0x0aa00000, 0x14a00000)
   the space 10944K,  90% used [0x09f50000, 0x0a8f9b20, 0x0a8f9c00, 0x0aa00000)
 Metaspace       used 15136K, capacity 16002K, committed 16128K, reserved 16768K
}
Event: 5.562 GC heap before
{Heap before GC invocations=12 (full 1):
 def new generation   total 4992K, used 4779K [0x04a00000, 0x04f60000, 0x09f50000)
  eden space 4480K, 100% used [0x04a00000, 0x04e60000, 0x04e60000)
  from space 512K,  58% used [0x04e60000, 0x04eaafa0, 0x04ee0000)
  to   space 512K,   0% used [0x04ee0000, 0x04ee0000, 0x04f60000)
 tenured generation   total 10944K, used 9894K [0x09f50000, 0x0aa00000, 0x14a00000)
   the space 10944K,  90% used [0x09f50000, 0x0a8f9b20, 0x0a8f9c00, 0x0aa00000)
 Metaspace       used 15298K, capacity 16177K, committed 16256K, reserved 16768K
Event: 5.567 GC heap after
Heap after GC invocations=13 (full 1):
 def new generation   total 4992K, used 512K [0x04a00000, 0x04f60000, 0x09f50000)
  eden space 4480K,   0% used [0x04a00000, 0x04a00000, 0x04e60000)
  from space 512K, 100% used [0x04ee0000, 0x04f60000, 0x04f60000)
  to   space 512K,   0% used [0x04e60000, 0x04e60000, 0x04ee0000)
 tenured generation   total 10944K, used 10785K [0x09f50000, 0x0aa00000, 0x14a00000)
   the space 10944K,  98% used [0x09f50000, 0x0a9d8578, 0x0a9d8600, 0x0aa00000)
 Metaspace       used 15298K, capacity 16177K, committed 16256K, reserved 16768K
}

